0 info it worked if it ends with ok
1 verbose cli [ '/usr/local/bin/node', '/usr/local/bin/npm', 'start' ]
2 info using npm@3.3.4
3 info using node@v4.1.1
4 verbose run-script [ 'prestart', 'start', 'poststart' ]
5 info lifecycle the-last-standing-one@1.0.0~prestart: the-last-standing-one@1.0.0
6 silly lifecycle the-last-standing-one@1.0.0~prestart: no script for prestart, continuing
7 info lifecycle the-last-standing-one@1.0.0~start: the-last-standing-one@1.0.0
8 verbose lifecycle the-last-standing-one@1.0.0~start: unsafe-perm in lifecycle true
9 verbose lifecycle the-last-standing-one@1.0.0~start: PATH: /usr/local/lib/node_modules/npm/bin/node-gyp-bin:/Users/josepablogranados/Desktop/Work/Experiments/Phaser - The Last Standing One/node_modules/.bin::/Users/josepablogranados/Developer/android-sdk-macosx:/usr/local/opt/ruby/bin:/usr/local/git/bin:/usr/local/opt/subversion/:/usr/local/bin:/usr/bin:/bin:/usr/sbin:/sbin:/usr/local/git/bin:/usr/local/bin:/Applications/acquia-drupal/drush:subl:/Users/josepablogranados/bin/Sencha/Cmd/6.0.1.76:/Users/josepablogranados/Developer/android-sdk-macosx/platform-tools:/Applications/DevDesktop/drush
10 verbose lifecycle the-last-standing-one@1.0.0~start: CWD: /Users/josepablogranados/Desktop/Work/Experiments/Phaser - The Last Standing One
11 silly lifecycle the-last-standing-one@1.0.0~start: Args: [ '-c', 'gulp' ]
12 silly lifecycle the-last-standing-one@1.0.0~start: Returned: code: 1  signal: null
13 info lifecycle the-last-standing-one@1.0.0~start: Failed to exec start script
14 verbose stack Error: the-last-standing-one@1.0.0 start: `gulp`
14 verbose stack Exit status 1
14 verbose stack     at EventEmitter.<anonymous> (/usr/local/lib/node_modules/npm/lib/utils/lifecycle.js:233:16)
14 verbose stack     at emitTwo (events.js:87:13)
14 verbose stack     at EventEmitter.emit (events.js:172:7)
14 verbose stack     at ChildProcess.<anonymous> (/usr/local/lib/node_modules/npm/lib/utils/spawn.js:24:14)
14 verbose stack     at emitTwo (events.js:87:13)
14 verbose stack     at ChildProcess.emit (events.js:172:7)
14 verbose stack     at maybeClose (internal/child_process.js:817:16)
14 verbose stack     at Process.ChildProcess._handle.onexit (internal/child_process.js:211:5)
15 verbose pkgid the-last-standing-one@1.0.0
16 verbose cwd /Users/josepablogranados/Desktop/Work/Experiments/Phaser - The Last Standing One
17 error Darwin 15.2.0
18 error argv "/usr/local/bin/node" "/usr/local/bin/npm" "start"
19 error node v4.1.1
20 error npm  v3.3.4
21 error code ELIFECYCLE
22 error the-last-standing-one@1.0.0 start: `gulp`
22 error Exit status 1
23 error Failed at the the-last-standing-one@1.0.0 start script 'gulp'.
23 error This is most likely a problem with the the-last-standing-one package,
23 error not with npm itself.
23 error Tell the author that this fails on your system:
23 error     gulp
23 error You can get their info via:
23 error     npm owner ls the-last-standing-one
23 error There is likely additional logging output above.
24 verbose exit [ 1, true ]
